#[LOG:F+] 03/10/2022  03:47:05
#[PEI|+]
#[PEI|D] 001 9B3ADA4F-AE56-4C24-8DEA-F03B7558AE50
#[PEI|D] 002 38317FC0-2795-4DE6-B207-680CA768CFB1
#[PEI|D] 003 8412DBD9-2C5C-11E7-891E-B8E8562CBAFA
#[PEI|D] 004 A3C7A8BA-094A-47C6-9F66-F6DE5E42A6E7
#[PEI|D] 005 1B99796D-2A26-437E-BEE0-014F0EBBECE1
#[PEI|D] 006 36544866-6D93-7A48-88FB-669582D2516B
#[PEI|D] 007 D9CF9BEB-86D9-11E4-91D0-B8E8562CBAFA
#[PEI|D] 008 2943220C-BC8D-457B-9533-20979FEC8318
#[PEI|D] 009 649760C0-B779-4383-93E9-0C7F9416A6DA
#[PEI|D] 010 2FAC2694-400C-480C-844F-4EC474DD3A2B
#[PEI|D] 011 3FB1A55F-DDEF-42D9-8FAF-891039769F8D
#[PEI|D] 012 A1F39391-B841-4C3E-A458-71E312DD6CB9
#[PEI|D] 013 EEEE611D-F78F-4FB9-B868-55907F169280
#[BTPU]
#[RS3M] P 75540000 180000 1F7000000
#[PEI|D] 014 A8499E65-A6F6-48B0-96DB-45C266030D83
#[0x80] 0x0000dd00
#[0x80] 0x0000dd1b
#[0x80] 0x0000dd1c
#[0x80] 0x0000dd1e
#[0x80] 0x0000dd21
#[0x80] 0x0000dd22
#[0x80] 0x0000dd23
#[0x80] 0x0000dd24
#[0x80] 0x0000dd27
#[0x80] 0x0000dd43
#[0x80] 0x0000dd26
#[0x80] 0x0000dd71
#[0x80] 0x0000dd61
#[0x80] 0x0000dd5a
#[0x80] 0x0000dd5d
#[0x80] 0x0000dd1b
#[0x80] 0x0000dd1c
#[0x80] 0x0000dd1e
#[0x80] 0x0000dd21
#[0x80] 0x0000dd22
#[0x80] 0x0000dd23
#[0x80] 0x0000dd24
#[0x80] 0x0000dd27
#[0x80] 0x0000dd5e
#[0x80] 0x0000dd43
#[0x80] 0x0000dd26
#[0x80] 0x0000dd71
#[0x80] 0x0000dd72
#[0x80] 0x0000dd5c
#[0x80] 0x0000dd61
#[0x80] 0x0000dd5a
#[0x80] 0x0000dd60
#[0x80] 0x0000dd5d
#[RSC] 0x00000001 0x00051006
#[0x80] 0x00000055
#[PEI|D] 015 86D70125-BAA3-4296-A62F-602BEBBB9081
#[PEI|D] 016 59ADD62D-A1C0-44C5-A90F-A1168770468C
#[PEI|D] 017 89E549B0-7CFE-449D-9BA3-10D8B2312D71
#[PEI|D] 018 EDADEB9D-DDBA-48BD-9D22-C1C169C8C5C6
#[PEI|D] 019 299D6F8B-2EC9-4E40-9EC6-DDAA7EBF5FD9
#[H:RTC] 0x44414544 invalidated
#[PEI|DXE+]
#[DXE|D] 001 D6A2CB7F-6A18-4E2F-B43B-9920A733700A
#[DXE|D] 002 534BA4FD-D74C-1E41-AA7D-BB551364FBAD
#[DXE|D] 003 DB8AF09A-34E3-4A7B-8225-8C5B0C059EB8
#[DXE|D] 004 80CF7257-87AB-47F9-A3FE-D50B76D89541
#[DXE|D] 005 3C8B9970-870A-11E4-B7C6-B8E8562CBAFA
#[DXE|D] 006 BC559DEA-2681-9345-9BE9-07850AF39E6E
#[DXE|D] 007 5007A40E-A5E0-44F7-86AE-662F9A91DA26
#[DXE|D] 008 BAE7599F-3C6B-43B7-BDF0-9CE07AA91AA6
#[DXE|D] 009 B601F8C4-43B7-4784-95B1-F4226CB40CEE
#[DXE|D] 010 53BCC14F-C24F-434C-B294-8ED2D4CC1860
#[DXE|D] 011 39B7902B-2377-4F73-9835-B35128ABB8D1
#[DXE|D] 012 F80697E9-7FD6-4665-8646-88E33EF71DFC
#[DXE|D] 013 D0CAF5CA-3DF0-3D4F-89C5-66105356D61B
#[DXE|D] 014 C8339973-A563-4561-B858-D8476F9DEFC4
#[DXE|D] 015 E052D8A6-224A-4C32-8D37-2E0AE162364D
#[DXE|D] 016 9A9A912B-5F53-4586-8820-704485A29D21
#[DXE|D] 017 C194C6EA-B68C-4981-B64B-9BD271474B20
#[DXE|D] 018 68501047-111F-4BD2-AA33-6C1ECE271259
#[DXE|D] 019 B144E169-AFB1-4426-B0EC-099728909342
#[DXE|D] 020 47AA8FEE-48D0-11E4-A6D3-B8E8562CBAFA
#[DXE|D] 021 FCCCE259-07E1-417A-A755-E0F2CF39295E
#[DXE|D] 022 F88BB993-9230-4CDF-916A-7A2D3BDEE690
#[DXE|D] 023 9622E42C-8E38-4A08-9E8F-54F784652F6B
#[DXE|D] 024 9B680FCE-AD6B-4F3A-B60B-F59899003443
#[DXE|D] 025 C10194E7-DEB2-4AF4-9EEE-BFFDE4D7D4C7
#[DXE|D] 026 348C4D62-BFBD-4882-9ECE-C80BB1C4783B
#[DXE|D] 027 BD1C1A1C-04EC-47ED-8AB7-D19319C64138
#[DXE|D] 028 CC54F583-3F9E-4AB0-9F7C-D2C7ED1C87A5
#[DXE|D] 029 B50AB2CA-48D0-11E4-A6D3-B8E8562CBAFA
#[DXE|D] 030 36544866-6D93-7A48-88FB-669582D2516B
#[DXE|D] 031 F9D88642-0737-49BC-81B5-6889CD57D9EA
#[DXE|D] 032 0584FC67-72B9-4D46-AE3E-AD330452D9B4
#[DXE|D] 033 A19B1FE7-C1BC-49F8-875F-54A5D542443F
#[DXE|D] 034 3F7753EF-D36F-45CC-8A1A-2EAAFF1038B6
#[DXE|D] 035 2DED8109-2355-41F8-A657-D608D5CC1022
#[DXE|D] 036 1323C7F8-DAD5-4126-A54B-7A05FBF41515
#[DXE|D] 037 A0BAD9F7-AB78-491B-B583-C52B7F84B9E0
#[DXE|D] 038 5AAB83E5-F027-4CA7-BFD0-16358CC9E453
#[DXE|D] 039 BDCE85BB-FBAA-4F4E-9264-501A2C249581
#[DXE|D] 040 5CDEEC47-2538-11E7-A438-B8E8562CBAFA
#[DXE|D] 041 503E70FE-047A-410B-A55F-4F63C9382C1E
#[DXE|D] 042 CA515306-00CE-4032-874E-11B755FF6866
#[DXE|D] 043 85A084FA-6B0E-BD4C-A20E-156E46103155
#[DXE|D] 044 A42F4ACF-5A88-4DE3-A54D-EE7CA94C1246
#[DXE|D] 045 43A4C605-C66D-473E-A06A-37E9143FC439
#[DXE|D] 046 2FA2A6DA-11D5-4DC3-999A-749648B03C56
#[DXE|D] 047 B7DDFF7A-1726-11E6-B12F-B8E8562CBAFA
#[SMM|D] 048 A47EE2D8-F60E-42FD-8E58-7BD65EE4C29B
#[SMM|D] 049 59287178-59B2-49CA-BC63-532B12EA2C53
#[SMM|D] 050 2D59F041-53A4-40D0-A6CD-844DC0DFEF17
#[SMM|D] 051 33FB3535-F15E-4C17-B303-5EB94595ECB6
#[DXE|D] 052 82EF44E3-2C70-11E7-8DF1-B8E8562CBAFA
#[DXE|D] 053 FA20568B-548B-4B2B-81EF-1BA08D4A3CEC
#[DXE|D] 054 AD608272-D07F-4964-801E-7BD3B7888652
#[DXE|D] 055 490D0119-4448-440D-8F5C-F58FB53EE057
#[DXE|D] 056 E0ECBEC9-B193-4351-A488-36A655F22F9F
#[DXE|D] 057 B912F198-7F0E-4803-B908-B757B806EC83
#[DXE|D] 058 978D7247-98EA-4A14-BF98-32A35F34566B
#[DXE|D] 059 93C95FC4-B741-4587-9304-1C5A2BE6F742
#[DXE|D] 060 ED443008-3F06-46DB-927E-7AB2F02AF9D9
#[DXE|D] 061 1D292105-2653-11E5-B46F-B8E8562CBAFA
#[DXE|D] 062 1A1E4886-9517-440E-9FDE-3BE44CEE2136
#[SMM|D] 063 A3FF0EF5-0C28-42F5-B544-8C7DE1E80014
#[DXE|D] 064 B4C26857-8FE5-42BE-968B-39F45E921D45
#[DXE|D] 065 F7731B4C-58A2-4DF4-8980-5645D39ECE58
#[DXE|D] 066 ACD28235-075B-48B5-98A1-DA04FCAF84F3
#[DXE|D] 067 66595A32-1877-4AE1-8748-809666EDADC7
#[DXE|D] 068 35D13CFD-0BAF-11E8-AE0A-B8E8562CBAFA
#[DXE|D] 069 6DADA47D-645A-4128-B292-57A475E1456A
#[DXE|D] 070 D0B59B17-8C37-4DD7-940A-1827BB6BB1E1
#[DXE|D] 071 8D6756B9-E55E-4D6A-A3A5-5E4D72DDF772
#[DXE|D] 072 6DB9486F-6AF6-4090-984D-238482CE3EA4
#[DXE|D] 073 0F17CECC-653A-C343-9CFA-FAA27A07EFE5
#[DXE|D] 074 4D2E57EE-0E3F-44DD-93C4-D3B57E96945D
#[DXE|D] 075 DE23ACEE-CF55-4FB6-AA77-984AB53DE823
#[DXE|D] 076 F099D67F-71AE-4C36-B2A3-DCEB0EB2B7D8
#[DXE|D] 077 55E76644-78A5-4A82-A900-7126A5798892
#[DXE|D] 078 DE23ACEE-CF55-4FB6-AA77-984AB53DE811
#[DXE|D] 084 E3007647-798F-FF48-AC61-E0B8D1B66327
#[DXE|D] 085 35628CFC-3CFF-444F-99C1-D5F06A069914
#[DXE|D] 086 1612CCDF-2549-466A-BF6F-D06DAAE60958
#[DXE|D] 087 FDC50ED1-ACB8-8048-8735-8098B7A13E5E
#[DXE|D] 088 BC468182-0C0B-D645-A8AC-FB5D81076AE8
#[DXE|D] 089 67439E94-FD37-4A32-BD53-3B97386432E4
#[DXE|D] 090 51116915-C34B-4D8E-86DB-6A70F2E60DAA
#[DXE|D] 091 CE784C74-EB0F-44B1-B8D0-FDA5E74D542F
#[DXE|D] 092 BD22D0BF-4818-4EF8-BDCD-B3478F52A802
#[DXE|D] 093 8CE65FC0-8F33-42A7-A2EA-46DEBE231EA6
#[DXE|D] 094 BDFE430E-8F2A-4DB0-9991-6F856594777E
#[DXE|D] 095 A18596AC-1FC5-478D-BF14-0B415813D71F
#[DXE|D] 096 335B0F6A-FCBD-402A-B4BB-0C3EEDAAF9D3
#[DXE|D] 097 240612B7-A063-11D4-9A3A-0090273FC14D
#[DXE|D] 098 B40612B9-A063-11D4-9A3A-0090273FC14D
#[DXE|D] 099 A5C6D68B-E78A-4426-9278-A8F0D9EB4D8F
#[DXE|D] 100 2D2E62CF-9ECF-43B7-8219-94E7FC713DFE
#[DXE|D] 101 2D2E62AA-9ECF-43B7-8219-94E7FC713DFE
#[DXE|D] 102 07B37006-9302-408E-B416-B524D110DD7F
#[DXE|D] 103 6107BE23-5BAA-4FC9-8FC9-F2AEA77B07A7
#[DXE|D] 104 A216E8AB-19A4-43FF-86A3-C57938F03B06
#[DXE|D] 105 16DBCD0A-ED77-442C-A4AB-3DCADE378A1C
#[DXE|D] 106 2EC3760F-B7FC-4FC7-B8B4-CF371C9628FF
#[DXE|D] 107 3730EC36-868D-4DF6-88CF-30B791272F5C
#[DXE|D] 108 AE4C11C8-1D6C-F24E-A183-E1CA36D1A8A9
#[DXE|D] 109 44883EC1-C77C-1749-B73D-30C7B468B556
#[DXE|D] 110 1A3558EC-13BB-4451-A589-74DFBD9A27AD
#[DXE|D] 111 51CCF399-4FDF-4E55-A45B-E123F84D456A
#[DXE|D] 112 408EDCEC-CF6D-477C-A5A8-B4844E3DE281
#[DXE|D] 113 E07A890D-7CC3-D042-A74B-12F117DDDF15
#[DXE|D] 114 1E93F29B-A3B2-F340-A605-DE31EE3DA031
#[DXE|D] 115 CA261A26-7718-4B9B-8A07-5178B1AE3A02
#[DXE|D] 116 961578FE-B6B7-44C3-AF35-6BC705CD2B1F
#[DXE|D] 117 43B93232-AFBE-11D4-BD0F-0080C73C8881
#[DXE|D] 118 CD3BAFB6-50FB-4FE8-8E4E-AB74D2C1A600
#[DXE|D] 119 A40DAE55-2F33-42F5-B064-C8D62CCF3B87
#[DXE|D] 120 7064F130-846E-4CE2-83C1-4BBCBCBF1AE5
#[DXE|D] 121 825880CC-DBB5-4955-8AFF-B26FA33C84AA
#[DXE|D] 122 77C87CA3-28D8-484F-9C0D-165CB618DAB0
#[DXE|D] 123 03AF477A-8336-0142-8A65-B4BD93B1A1A9
#[DXE|D] 124 2ECED69B-2793-4388-BA3C-823040EBCCD2
#[DXE|D] 125 13B00AAE-4FD2-964E-B30F-94627017370A
#[DXE|D] 126 CDE1A697-5BEB-7E4A-95D8-4078E564E70C
#[DXE|D] 127 CE033449-3D90-9644-862E-2D7D9AA3F06A
#[DXE|D] 128 8EE41730-CD91-FE40-A83A-F60F1ECB492D
#[DXE|D] 129 4FF2E88A-A404-46F7-9A2A-35E00844F6E6
#[DXE|D] 130 A883FD70-4E7E-4B17-8EBB-C5646FF154CA
#[DXE|D] 131 B8502C59-B268-4BE8-ADD6-601AFEAA4BC9
#[DXE|D] 132 340436B0-EBFA-408A-9B8B-565B1F77CF2C
#[DXE|D] 133 744C9DBD-74DE-424D-AB59-AA398305871F
#[DXE|D] 134 AA6E8785-726E-441D-ACB8-F75FB0B2B9F2
#[DXE|D] 135 51116915-C34B-4D8E-86DB-6A70F2E60DAC
#[DXE|D] 136 038EB805-1320-43D8-BDA3-C33B82D33D77
#[DXE|D] 137 A071C476-F78C-41C2-A173-B43D699A2C80
#[DXE|D] 138 750D5755-A0C9-42D3-A326-B5D465413523
#[DXE|D] 139 D3790CB3-A890-4A5A-A42E-ECB6B140D814
#[DXE|D] 140 7AF77F94-4C38-4FF1-8CCD-3E084F2FFEC0
#[DXE|D] 141 D0DB43BC-6DE4-4FE8-A9EE-64E65786EA32
#[DXE|D] 142 AE01F7AD-D84D-4BDA-8533-AAE96724FE0D
#[DXE|D] 143 8378AB1E-4147-400A-8D84-E3DE981C0453
#[DXE|D] 144 92C6033D-A685-BB41-AA2F-6F6E2CD374A2
#[DXE|D] 145 FC90EB7A-3E0A-483C-A26C-484D36593FF4
#[DXE|D] 146 8600C3A8-4213-456E-832A-D51E8E5F4AB1
#[DXE|D] 147 FB74A690-DE1A-4BF4-97C0-170B3535FC98
#[DXE|D] 148 7D17EF81-57C8-4210-957C-6FDAA8EA1DD6
#[DXE|D] 150 639707CE-F961-4F3D-99BD-7DFAFFCB1D54
#[FAC0] 0x00
#[DXE|D] 151 855328E7-F96F-4398-9E7F-1F0A8C014E2C
#[DXE|D] 152 7585C771-3CE4-41FE-B780-845CD85BA444
#[BDS|+]
#[PCI:E+] 1
#[RSC] 0x00000001 0x02011000
    PciScanDeviceFunc returns *SubBusNumber == 78h
#[RSC] 0x00000001 0x02011000
    PciScanDeviceFunc returns *SubBusNumber == 78h
#[RSC] 0x00000001 0x02011001
#[PCI:E-]
#[PCI:E+] 0
#[RS3M] D 75540000 180000 1F7000000
#[MB:V] 0x1
#[H:?] 0
#[AUI|+]
#[AUI|-]
#[BDS|BC:SS] 0x0
#[BDS|CON] 0 VenHw(B50AB2CA-48D0-11E4-A6D3-B8E8562CBAFA)/Uart(115200,8,N,1)/VenMsg(83E18829-59CD-5046-83BB-0731BD363FD3)
#[BDS|CON] 1 PciRoot(0x0)/Pci(0x1E,0x0)
#[L] A _
#[DXE|D] 153 07A50B13-7539-41CB-B924-9E72B870C6D3
#[DXE|D] 154 48D51913-F340-4798-83D7-5CAB3D5C6DA7
#[DXE|D] 155 C06C5A03-704C-45D6-808E-4D9E867897D3
#[RSC] 0x00000001 0x02020001
#[RSC] 0x00000001 0x02020006
#[RSC] 0x00000001 0x01010004
#[RSC] 0x00000001 0x01010003
#[RSC] 0x00000001 0x01010001
#[RSC] 0x00000001 0x01011001
#[RSC] 0x00000001 0x01020004
#[RSC] 0x00000001 0x01040004
#[RSC] 0x00000001 0x01040001
#[RSC] 0x00000001 0x02020001
#[RSC] 0x00000001 0x02020006
#[RSC] 0x00000001 0x01080004
#[RSC] 0x00000001 0x01080001
#[USBF|>] IdVendor = 0x2BA3, IdProduct = 0x1220
#[RSC] 0x00000001 0x02020001
#[RSC] 0x00000001 0x01010004
#[RSC] 0x00000001 0x01010003
#[RSC] 0x00000001 0x01010001
#[RSC] 0x00000001 0x01011001
#[UHE SKD]
#[RSC] 0x00000001 0x01020004
#[Snag] 0x00:
#[DXE|D] 156 C7E6800D-9566-1143-81A8-B8C566AF3556
#[DXE|D] 157 F5513824-BA68-0145-AED9-E0A89FAB40B9
#[DXE|D] 158 7279D04D-AAAE-994A-8A5C-5AEA41D1FE3A
#[DXE|D] 159 D124DFA7-D784-C64E-8106-29411A7F59DB
#[DXE|D] 160 9F53EC68-49A7-7F4B-88DE-C41A96FDBAA6
#[DXE|D] 161 989B6C1C-6FE1-D64E-A292-1313C410F0F2
#[DXE|D] 162 0BCB2808-FEA5-6047-9A60-8767A46A72A1
#[DXE|D] 163 F0B79D0F-CE2B-D148-9ACE-F204E9393CAA
#[DXE|D] 164 1C58AAC6-76C9-D94D-A14C-0059E13B96A3
#[DXE|D] 165 3138C825-83ED-064A-A62A-CD13674E3F89
#[DXE|D] 166 738C6917-71F0-4D45-AB68-91744136AEEA
#[DXE|D] 167 8AC88C0F-6220-F243-8E27-56E17CC503DB
#[DXE|D] 168 9282ED2E-F8CE-CA47-AF50-3542332F7D53
#[DXE|D] 169 748221BC-2BA9-1545-8AA9-A03A8591999E
#[DXE|D] 170 9AADE345-E064-4355-A815-874564DCA760
#[DXE|D] 171 7FFF52C8-82DE-4820-8960-5093102E484D
#[DXE|D] 172 62E135CA-88C1-4F15-93E1-01193B3499F4
#[DXE|D] 173 09D13410-2718-463A-8B15-DA93C3CA0A64
#[DXE|D] 174 645462F4-AF50-4FC5-838F-1DFBE3225511
#[DXE|D] 175 D450A69D-D8E4-C048-8E7E-0024EB541C79
#[DXE|D] 176 B4ED58A2-6EEE-4819-9BD3-836ABD004EE6
#[DXE|D] 177 12E2306C-1EBD-3140-B92E-EFA9099E82D2
#[DXE|D] 178 19A84692-4AAD-C04B-90E9-E017360A9860
#[DXE|D] 179 37347E20-5C3D-47B7-B233-1E353A7E0145
#[DXE|D] 180 B180019E-9820-4DC0-8B40-A773E23D4F35
#[DXE|D] 181 E64ACA85-F2CF-2246-87F4-92B839CCBB78
#[DXE|D] 182 D8D282C4-4478-4D75-B10B-B08F5E59B5E8
#[DXE|D] 183 7CCB2D7E-CD15-417E-A5C8-003DA6325B9F
#[DXE|D] 184 0650F140-439A-2D4F-9807-C92669339399
#[DXE|D] 185 D25F555A-30EF-49EE-8FB5-C76B5817CC2A
#[DXE|D] 186 FBA34BC8-4E37-451D-A7FF-5469F52064C6
#[DXE|D] 187 7C069ADA-DE4E-488C-B0FC-4F2E057D96D8
#[DXE|D] 188 805B032B-6A00-46F5-8501-CB88A21D5321
#[DXE|D] 189 3AF9647D-C46B-11E4-AA1D-B8E8562CBAFA
#[DXE|D] 190 7827D4B0-926E-48F9-8ABD-69816EF86D16
#[RSC] 0x00000001 0x01040004
#[PCI:E+] 0
APFSStart:1608: Mounting with apfs_efi_osx_aligned-1933.80.3
efi_fusion_pairing:691: Container bece6db9-69eb-4488-b6e3-25f9d37aecb4
efi_fusion_pairing:696: fusion uuid: 00000000-0000-0000-0000-000000000000
efi_container_create:933: LoadedImage->DeviceHandle = 0x88497698
efi_container_create:995: Volume attached is internal
#[USBKEY] 0x4 0x0
nx_mount:1184:  initializing cache w/hash_size 256 and cache size 4096
nx_mount:1460: checkpoint search: largest xid 258, best xid 258 @ 219
nx_mount:1462: reloading after unclean unmount, checkpoint xid 258, superblock xid 177
APFSStart:1608: Mounting with apfs_efi_osx_aligned-1933.80.3
efi_fusion_pairing:691: Container 837837d1-61a4-4267-ac22-5c158502f3fc
efi_fusion_pairing:696: fusion uuid: 00000000-0000-0000-0000-000000000000
efi_container_create:933: LoadedImage->DeviceHandle = 0x88497698
efi_container_create:995: Volume attached is internal
nx_mount:1184:  initializing cache w/hash_size 256 and cache size 4096
nx_mount:1460: checkpoint search: largest xid 54, best xid 54 @ 107
nx_mount:1462: reloading after unclean unmount, checkpoint xid 54, superblock xid 50
#[RSC] 0x00000001 0x01040004
#[PCI:E+] 0
#[MB:EFMU] 922B7657-8C7B-335F-AAFF-D697907DC23E
#[MB:EFRO] 900C7693-8C14-58BA-B44E-974515D27C78
#[MB:Q] 2 922B7657-8C7B-335F-AAFF-D697907DC23E _ \System\Library\CoreServices\BridgeVersion.bin _ _
#[MB:BV] <010100001300000010000000A237000005000000010000000000000000000000>
#[BDS|BOOT] PciRoot(0x0)/Pci(0x14,0x0)/USB(0x7,0x0)/HD(1,GPT,4CF86790-20DA-4E62-BA39-7770EA524716,0x800,0xEDEA000)/\System\Library\CoreServices\boot.efi
#[BP] 0x1
#[SSR|>] Starting Recovery at 03/10/2022  03:47.
#[SSR|RM] 1
#[SSR|>] Local recovery selected.
#[SSR|>] BridgeOSVersion 19.16.10744.0.0,0
#[RSC] 0x00000001 0x01040004
#[PCI:E+] 0
#[prev-lang] en en en
#[RSC] 0x00000001 0x01020001
#[RSC] 0x00000001 0x01020001
#[RSC] 0x00000001 0x01020001
#[RSC] 0x00000001 0x01020001
SlingShotL8LocalBootSetup: Didnt find a recovery partition for startup disk, startup disk may not be set, (Not Found)
#[SSR|RM3-R]
#[MB:EFMU] 68D7AFF4-8079-4281-9A1E-A04A51FB12E0
#[MB:EFRO] 900C7693-8C14-58BA-B44E-974515D27C78
#[MB:Q] 1 _ _ _
#[SSR|D] 1
#[SSR|N] 3
#[prev-lang] en en en
#[SSR|N] 3
#[SSR|N] 3
#[SSR|N] 3
#[SSR|N] 3
#[SSR|N] 3
#[SSR|N] 3
#[SSR|N] 3
#[SSR|N] 3
#[SSR|N] 3
#[SSR|N] 3
#[SSR|N] 3
#[SSR|N] 3
#[SSR|N] 3
#[SSR|N] 3
#[SSR|N] 3
#[SSR|N] 3
#[SSR|N] 3
#[SSR|N] 3
#[SSR|N] 3
#[SSR|N] 3
#[SSR|N] 3
#[SSR|N] 3
#[SSR|N] 3
#[SSR|N] 3
#[SSR|N] 3
#[SSR|N] 3
#[SSR|N] 3
#[SSR|N] 3
#[SSR|N] 3
#[SSR|N] 3
#[SSR|N] 3
#[SSR|N] 3
#[SSR|N] 3
#[SSR|N] 3
#[SSR|N] 3
Wireless_AccessPointChosen(): secure network picking Megacable_2.4G_1337
Wireless_AccessPointChosen(): secure network picking Megacable_2.4G_1337
#[SSR|N] 3
#[SSR|N] 3
#[SSR|N] 3
#[SSR|N] 3
#[SSR|N] 3
#[SSR|N] 3
#[SSR|N] 3
#[SSR|N] 3
#[SSR|N] 3
#[SSR|N] 3
#[SSR|N] 3
#[SSR|N] 3
#[SSR|N] 3
#[SSR|N] 3
#[SSR|N] 3
#[SSR|N] 3
#[SSR|N] 3
#[SSR|N] 3
#[SSR|N] 3
#[SSR|N] 3
#[SSR|N] 3
#[SSR|N] 3
#[SSR|N] 3
#[SSR|N] 3
#[SSR|N] 3
#[SSR|N] 3
#[SSR|N] 3
#[SSR|N] 3
#[SSR|N] 3
#[SSR|N] 3
#[SSR|N] 3
#[SSR|N] 3
#[SSR|N] 3
#[SSR|N] 3
#[SSR|N] 3
#[SSR|N] 3
#[SSR|N] 3
#[SSR|N] 3
#[SSR|N] 3
#[SSR|N] 3
#[SSR|N] 3
#[SSR|N] 3
#[SSR|N] 3
#[SSR|N] 3
#[SSR|N] 3
#[SSR|N] 3
#[SSR|N] 3
#[SSR|>] Resolved OSRS Hostname [osrecovery.apple.com] to 17.164.1.12, Port 80
#[SSR|>] Client IP Address: 192.168.1.3
#[SSR|>] Client Subnet Mask: 255.255.255.0
#[SSR|>] Router IP Address: 192.168.1.1
#[SSR|>] DnsServer 0 Address: 192.168.1.1
#[SSR|>] Resolved DNS Address on interface with address 192.168.1.3
#[SSR|N] 4
#[SSR|>] Got OSRS Info: Hostname osrecovery.apple.com, Host IP 17.164.1.12, Port: 80

#[SSR|>] HTTP Request String of 99 bytes. 
[
GET / HTTP/1.1
Host: osrecovery.apple.com
Connection: Close
User-Agent: InternetRecovery/1.0


]


#[SSR|>] Received 308 bytes from server. 
[
HTTP/1.1 200 
Set-Cookie: session=1646884348~A328E88C2E43F870CAC59A5E30F71745D3FDF43DB8E2B9E8AF19652AE633F83D; Domain=osrecovery.apple.com; Path=/; HttpOnly
Content-Type: text/plain;charset=us-asciT
Keep-Alive: timeout=60
Connection: keep-alive


]
#[SSR|N] 5
#[SSR|D] 3
#[SSR|>] Got MLB SN 'FV901050VYBKRC0C1'
SlingShotGetRecoveryType: Error getting RecoveryType1 (Not Found),
#[SSR|>] BridgeOSVersion 19.16.10744.0.0,0

#[SSR|>] HTTP Request String of 495 bytes. 
[
POST /InstallationPayload/RecoveryImage HTTP/1.1
Host: osrecovery.apple.com
Connection: Close
User-Agent: InternetRecovery/1.0
Content-Type: text/plain
Cookie: session=1646884348~A328E88C2E43F87nt-Length: 222

cid=8C145C2E7D2A7F10
sn=FV901050VYBKRC0C1
bid=Mac-53FDB3D8DB8CA971
k=FDEEB580521BAD6A8B52DB37939AE6B726530A5B0A8296BC4720AA24FCA71D4B
bv=19.16.10744.0.0,0
fg=91507DF37DA5EEAF6EAB676
]


#[SSR|>] Received 912 bytes from server. 
[
HTTP/1.1 200 
Content-Type: text/plain;charset=us-ascii
Content-Length: 746
Date: Thu, 10 Mar 2022 03:47:28 GMT
Keep-Alive: timeout=60
Connection: keep-alive

AP: 001-51031
AU: http://oscdn.ap7c9cvo1mcmk7xvaicpa3/RecoveryImage/BaseSystem.dmg
AH: 7231F8225B6F8BCAC324B2358E198FF7FB24885EF687A21D1A44CFB6A00328BE
AT: expires=1646887049~access=/content/downloads/58/39/001-51031/kieaq5z31xah4t7bb39a576fb0dcd0e5817a5f271763
CU: http://oscdn.apple.com/content/downloads/58/39/001-51031/kieaq5z31xah4t7c9cvo1mcmk7xvaicpa3/RecoveryImage/BaseSystem.chunklist
CH: 57C0066B20D61327E60A59B3ACED4ABD83cess=/content/downloads/58/39/001-51031/kieaq5z31xah4t7c9cvo1mcmk7xvaicpa3/RecoveryImage/BaseSystem.chunklist~md5=c247349b857349a51f6f2b3eb7cbe119

]
#[SSR|D] 4
#[SSR|>] Resolved IP Address for 'oscdn.apple.com': 189.195.97.17

#[SSR|>] HTTP Request String of 385 bytes. 
[
GET /content/downloads/58/39/001-51031/kieaq5z31xah4t7c9cvo1mcmk7xvaicpa3/RecoveryImage/BaseSystem.chunklist HTTP/1.1
Host: oscdn.apple.com
Connection: Close
User-Agent: InternetRecovery/1.0
Cookads/58/39/001-51031/kieaq5z31xah4t7c9cvo1mcmk7xvaicpa3/RecoveryImage/BaseSystem.chunklist~md5=c247349b857349a51f6f2b3eb7cbe119


]


#[SSR|>] Received 1460 bytes from server. 
[
HTTP/1.1 200 OK
X-Responding-Server: massilia_protocol_028:328008302:mr33p01if-zteh06143901.mr.if.apple.com:8081:22B155:7572a95c59d2
X-Apple-Request-UUID: b6796bf9-bc4f-4a2c-a0ce-fa6b6274a163
ServETag: "9DBFA7C1EF6FE373A28A3E8017E5C164-1"
X-Apple-MS-Content-Length: 2020
Content-Length: 2020
X-iCloud-Content-Length: 2020
X-Apple-Request-UUID: b6796bf9-bc4f-4a2c-a0ce-fa6b6274a163
Accept-Ra-248a078d4b25
Last-Modified: Thu, 24 Sep 2020 16:58:44 GMT
Content-Type: text/plain
Access-Control-Allow-Origin: *
Access-Control-Allow-Methods: HEAD, GET, PUT
Access-Control-Allow-Headers: rangedentials: false
CDNUUID: 30203060-24c5-4d87-96e7-9433d5932d45-16898753
Expires: Thu, 10 Mar 2022 03:47:30 GMT
Cache-Control: max-age=0, no-cache
Pragma: no-cache
Date: Thu, 10 Mar 2022 03:47:30itechnologies.com (AkamaiGHost/10.7.3-39494245) (-)
Connection: close

CNKL$
]
#[SSR|>] Got 48 total Byte Ranges.
#[CM|>] Number of chunks is #48
#[SSR|>] Got 48 total Byte Ranges.
#[SSR|>] Image has 48 chunks
#[SSR|>] Resolved IP Address for 'oscdn.apple.com': 189.195.97.17

#[SSR|>] HTTP Request String of 1287 bytes. 
[
GET /content/downloads/58/39/001-51031/kieaq5z31xah4t7c9cvo1mcmk7xvaicpa3/RecoveryImage/BaseSystem.dmg HTTP/1.1
Host: oscdn.apple.com
Connection: Close
Range: bytes=0-10485759,10485760-20971519,208800-62914559,62914560-73400319,73400320-83886079,83886080-94371839,94371840-104857599,104857600-115343359,115343360-125829119,125829120-136314879,136314880-146800639,146800640-157286399,157286400-160-199229439,199229440-209715199,209715200-220200959,220200960-230686719,230686720-241172479,241172480-251658239,251658240-262143999,262144000-272629759,272629760-283115519,283115520-293601279,2936012058560-335544319,335544320-346030079,346030080-356515839,356515840-367001599,367001600-377487359,377487360-387973119,387973120-398458879,398458880-408944639,408944640-419430399,419430400-429916159,429,461373440-471859199,471859200-482344959,482344960-492830719,492830720-498626205
Cookie: AssetToken=expires=1646887049~access=/content/downloads/58/39/001-51031/kieaq5z31xah4t7c9cvo1mcmk7xvaicpa3/R5f271763


]


#[SSR|>] Received 1460 bytes from server. 
[
HTTP/1.1 206 Partial Content
X-Responding-Server: massilia_protocol_028:428008503:pv49p01if-zteh17133901.pv.if.apple.com:8082:22B155:7572a95c59d2
X-Apple-Request-UUID: cd9e8e65-580d-455a-a89f-a703aSTANDARD_IA
X-Apple-MS-Content-Length: 498626206
X-iCloud-Content-Length: 498626206
X-Apple-Request-UUID: cd9e8e65-580d-455a-a89f-a703af3d45db
Accept-Ranges: bytes
x-icloud-versionid: 34d36250-f *
Access-Control-Allow-Methods: HEAD, GET, PUT
Access-Control-Allow-Headers: range
Access-Control-Max-Age: 3000
Access-Control-Allow-Credentials: false
CDNUUID: 82805c7b-81fa-4aa9-a22c-27f9ec61 GMT
ETag: "131CACFA12FEB6707636CA54D9EBBC31-8"
Expires: Thu, 10 Mar 2022 03:47:31 GMT
Cache-Control: max-age=0, no-cache
Pragma: no-cache
Date: Thu, 10 Mar 2022 03:47:31 GMT
Content-Type: multP_HIT from a189-195-97-13.deploy.akamaitechnologies.com (AkamaiGHost/10.7.3-39494245) (A)
Connection: close


--522BE80D54346EDA
Content-Type: application/octet-stream
Content-Range: bytes 0-10
]
#[SSR|>] 30 sec avg 8 KBps, 529 KBps new total, last total 0 KBps, now 264 KBps
#[SSR|>] 30 sec avg 178 KBps, 1303 KBps new total, last total 1292 KBps, now 1297 KBps
#[CM|>] Assigned chunk #0 to CPU #7
#[CM|>] Chunk #0 passed MP validation on AP #7
#[SSR|>] 30 sec avg 303 KBps, 1321 KBps new total, last total 1317 KBps, now 1319 KBps
#[SSR|>] 30 sec avg 403 KBps, 1316 KBps new total, last total 1315 KBps, now 1315 KBps
#[CM|>] Assigned chunk #1 to CPU #7
#[CM|>] Chunk #1 passed MP validation on AP #7
#[SSR|>] 30 sec avg 477 KBps, 1291 KBps new total, last total 1295 KBps, now 1293 KBps
#[CM|>] Assigned chunk #2 to CPU #7
#[CM|>] Chunk #2 passed MP validation on AP #7
#[SSR|>] 30 sec avg 529 KBps, 1259 KBps new total, last total 1263 KBps, now 1261 KBps
#[SSR|>] 30 sec avg 1273 KBps, 1260 KBps new total, last total 1257 KBps, now 1258 KBps
#[SSR|>] >>>>>>: [0:07] to go, Remaining in Sec = 363, Hours = 0, Minutes = 7, Bytes Left = 468708634
#[CM|>] Assigned chunk #3 to CPU #7
#[CM|>] Chunk #3 passed MP validation on AP #7
#[SSR|>] 30 sec avg 1244 KBps, 1255 KBps new total, last total 1251 KBps, now 1253 KBps
#[SSR|>] >>>>>>: [0:06] to go, Remaining in Sec = 357, Hours = 0, Minutes = 6, Bytes Left = 458736110
#[SSR|>] 30 sec avg 1232 KBps, 1253 KBps new total, last total 1251 KBps, now 1252 KBps
#[SSR|>] >>>>>>: [0:06] to go, Remaining in Sec = 357, Hours = 0, Minutes = 6, Bytes Left = 458736110
#[CM|>] Assigned chunk #4 to CPU #7
#[CM|>] Chunk #4 passed MP validation on AP #7
#[SSR|>] 30 sec avg 1235 KBps, 1258 KBps new total, last total 1257 KBps, now 1257 KBps
#[SSR|>] >>>>>>: [0:06] to go, Remaining in Sec = 348, Hours = 0, Minutes = 6, Bytes Left = 448763586
#[CM|>] Assigned chunk #5 to CPU #7
#[CM|>] Chunk #5 passed MP validation on AP #7
#[SSR|>] 30 sec avg 1243 KBps, 1262 KBps new total, last total 1261 KBps, now 1261 KBps
#[SSR|>] >>>>>>: [0:06] to go, Remaining in Sec = 339, Hours = 0, Minutes = 6, Bytes Left = 438791062
#[SSR|>] 30 sec avg 1275 KBps, 1266 KBps new total, last total 1266 KBps, now 1266 KBps
#[SSR|>] >>>>>>: [0:06] to go, Remaining in Sec = 338, Hours = 0, Minutes = 6, Bytes Left = 438791062
#[CM|>] Assigned chunk #6 to CPU #7
#[CM|>] Chunk #6 passed MP validation on AP #7
#[SSR|>] 30 sec avg 1290 KBps, 1271 KBps new total, last total 1267 KBps, now 1269 KBps
#[SSR|>] >>>>>>: [0:06] to go, Remaining in Sec = 329, Hours = 0, Minutes = 6, Bytes Left = 428818538
#[CM|>] Assigned chunk #7 to CPU #7
#[CM|>] Chunk #7 passed MP validation on AP #7
#[SSR|>] 30 sec avg 1310 KBps, 1278 KBps new total, last total 1277 KBps, now 1277 KBps
#[SSR|>] >>>>>>: [0:06] to go, Remaining in Sec = 320, Hours = 0, Minutes = 6, Bytes Left = 418846014
#[SSR|>] 30 sec avg 1315 KBps, 1280 KBps new total, last total 1282 KBps, now 1281 KBps
#[SSR|>] >>>>>>: [0:06] to go, Remaining in Sec = 319, Hours = 0, Minutes = 6, Bytes Left = 418846014
#[CM|>] Assigned chunk #8 to CPU #7
#[CM|>] Chunk #8 passed MP validation on AP #7
#[SSR|>] 30 sec avg 1327 KBps, 1286 KBps new total, last total 1283 KBps, now 1284 KBps
#[SSR|>] >>>>>>: [0:06] to go, Remaining in Sec = 310, Hours = 0, Minutes = 6, Bytes Left = 408873489
#[SSR|>] 30 sec avg 1328 KBps, 1287 KBps new total, last total 1288 KBps, now 1287 KBps
#[SSR|>] >>>>>>: [0:06] to go, Remaining in Sec = 306, Hours = 0, Minutes = 6, Bytes Left = 403887227
#[CM|>] Assigned chunk #9 to CPU #7
#[CM|>] Chunk #9 passed MP validation on AP #7
#[SSR|>] 30 sec avg 1319 KBps, 1284 KBps new total, last total 1283 KBps, now 1283 KBps
#[SSR|>] >>>>>>: [0:06] to go, Remaining in Sec = 303, Hours = 0, Minutes = 6, Bytes Left = 398900965
#[CM|>] Assigned chunk #10 to CPU #7
#[CM|>] Chunk #10 passed MP validation on AP #7
#[SSR|>] 30 sec avg 1305 KBps, 1281 KBps new total, last total 1282 KBps, now 1281 KBps
#[SSR|>] >>>>>>: [0:05] to go, Remaining in Sec = 296, Hours = 0, Minutes = 5, Bytes Left = 388928441
#[SSR|>] 30 sec avg 1291 KBps, 1282 KBps new total, last total 1281 KBps, now 1281 KBps
#[SSR|>] >>>>>>: [0:05] to go, Remaining in Sec = 296, Hours = 0, Minutes = 5, Bytes Left = 388928441
#[CM|>] Assigned chunk #11 to CPU #7
#[CM|>] Chunk #11 passed MP validation on AP #7
#[SSR|>] 30 sec avg 1270 KBps, 1277 KBps new total, last total 1278 KBps, now 1277 KBps
#[SSR|>] >>>>>>: [0:05] to go, Remaining in Sec = 285, Hours = 0, Minutes = 5, Bytes Left = 373969655
#[CM|>] Assigned chunk #12 to CPU #7
#[CM|>] Chunk #12 passed MP validation on AP #7
#[SSR|>] 30 sec avg 1260 KBps, 1278 KBps new total, last total 1278 KBps, now 1278 KBps
#[SSR|>] >>>>>>: [0:05] to go, Remaining in Sec = 278, Hours = 0, Minutes = 5, Bytes Left = 363997131
#[SSR|>] 30 sec avg 1276 KBps, 1281 KBps new total, last total 1280 KBps, now 1280 KBps
#[SSR|>] >>>>>>: [0:05] to go, Remaining in Sec = 277, Hours = 0, Minutes = 5, Bytes Left = 363997131
#[CM|>] Assigned chunk #13 to CPU #7
#[CM|>] Chunk #13 passed MP validation on AP #7
#[SSR|>] 30 sec avg 1246 KBps, 1274 KBps new total, last total 1272 KBps, now 1273 KBps
#[SSR|>] >>>>>>: [0:05] to go, Remaining in Sec = 271, Hours = 0, Minutes = 5, Bytes Left = 354024607
#[SSR|>] 30 sec avg 1268 KBps, 1278 KBps new total, last total 1276 KBps, now 1277 KBps
#[SSR|>] >>>>>>: [0:05] to go, Remaining in Sec = 270, Hours = 0, Minutes = 5, Bytes Left = 354024607
#[CM|>] Assigned chunk #14 to CPU #7
#[CM|>] Chunk #14 passed MP validation on AP #7
#[SSR|>] 30 sec avg 1256 KBps, 1275 KBps new total, last total 1273 KBps, now 1274 KBps
#[SSR|>] >>>>>>: [0:05] to go, Remaining in Sec = 263, Hours = 0, Minutes = 5, Bytes Left = 344052083
#[SSR|>] 30 sec avg 1271 KBps, 1276 KBps new total, last total 1274 KBps, now 1275 KBps
#[SSR|>] >>>>>>: [0:05] to go, Remaining in Sec = 263, Hours = 0, Minutes = 5, Bytes Left = 344052083
#[CM|>] Assigned chunk #15 to CPU #7
#[CM|>] Chunk #15 passed MP validation on AP #7
#[SSR|>] 30 sec avg 1265 KBps, 1276 KBps new total, last total 1276 KBps, now 1276 KBps
#[SSR|>] >>>>>>: [0:05] to go, Remaining in Sec = 255, Hours = 0, Minutes = 5, Bytes Left = 334079559
#[SSR|>] 30 sec avg 1209 KBps, 1265 KBps new total, last total 1270 KBps, now 1267 KBps
#[SSR|>] >>>>>>: [0:05] to go, Remaining in Sec = 257, Hours = 0, Minutes = 5, Bytes Left = 334079559
#[CM|>] Assigned chunk #16 to CPU #7
#[CM|>] Chunk #16 passed MP validation on AP #7
#[SSR|>] 30 sec avg 1216 KBps, 1260 KBps new total, last total 1260 KBps, now 1260 KBps
#[SSR|>] >>>>>>: [0:05] to go, Remaining in Sec = 251, Hours = 0, Minutes = 5, Bytes Left = 324107034
#[CM|>] Assigned chunk #17 to CPU #7
#[CM|>] Chunk #17 passed MP validation on AP #7
#[SSR|>] 30 sec avg 1193 KBps, 1258 KBps new total, last total 1259 KBps, now 1258 KBps
#[SSR|>] >>>>>>: [0:05] to go, Remaining in Sec = 243, Hours = 0, Minutes = 5, Bytes Left = 314134510
#[SSR|>] 30 sec avg 1188 KBps, 1256 KBps new total, last total 1257 KBps, now 1256 KBps
#[SSR|>] >>>>>>: [0:05] to go, Remaining in Sec = 244, Hours = 0, Minutes = 5, Bytes Left = 314134510
#[CM|>] Assigned chunk #18 to CPU #7
#[CM|>] Chunk #18 passed MP validation on AP #7
#[SSR|>] 30 sec avg 1157 KBps, 1253 KBps new total, last total 1252 KBps, now 1252 KBps
#[SSR|>] >>>>>>: [0:04] to go, Remaining in Sec = 237, Hours = 0, Minutes = 4, Bytes Left = 304161986
#[SSR|>] 30 sec avg 1158 KBps, 1254 KBps new total, last total 1252 KBps, now 1253 KBps
#[SSR|>] >>>>>>: [0:04] to go, Remaining in Sec = 237, Hours = 0, Minutes = 4, Bytes Left = 304161986
#[CM|>] Assigned chunk #19 to CPU #7
#[CM|>] Chunk #19 passed MP validation on AP #7
#[SSR|>] 30 sec avg 1205 KBps, 1252 KBps new total, last total 1252 KBps, now 1252 KBps
#[SSR|>] >>>>>>: [0:04] to go, Remaining in Sec = 229, Hours = 0, Minutes = 4, Bytes Left = 294189462
#[CM|>] Assigned chunk #20 to CPU #7
#[SSR|>] 30 sec avg 1208 KBps, 1250 KBps new total, last total 1250 KBps, now 1250 KBps
#[SSR|>] >>>>>>: [0:04] to go, Remaining in Sec = 229, Hours = 0, Minutes = 4, Bytes Left = 294189462
#[CM|>] Chunk #20 passed MP validation on AP #7
#[SSR|>] 30 sec avg 1216 KBps, 1251 KBps new total, last total 1250 KBps, now 1250 KBps
#[SSR|>] >>>>>>: [0:04] to go, Remaining in Sec = 222, Hours = 0, Minutes = 4, Bytes Left = 284216938
#[CM|>] Assigned chunk #21 to CPU #7
#[CM|>] Chunk #21 passed MP validation on AP #7
#[SSR|>] 30 sec avg 1240 KBps, 1253 KBps new total, last total 1252 KBps, now 1252 KBps
#[SSR|>] >>>>>>: [0:04] to go, Remaining in Sec = 213, Hours = 0, Minutes = 4, Bytes Left = 274244414
#[SSR|>] 30 sec avg 1259 KBps, 1253 KBps new total, last total 1253 KBps, now 1253 KBps
#[SSR|>] >>>>>>: [0:04] to go, Remaining in Sec = 213, Hours = 0, Minutes = 4, Bytes Left = 274244414
#[CM|>] Assigned chunk #22 to CPU #7
#[CM|>] Chunk #22 passed MP validation on AP #7
#[SSR|>] 30 sec avg 1223 KBps, 1249 KBps new total, last total 1248 KBps, now 1248 KBps
#[SSR|>] >>>>>>: [0:04] to go, Remaining in Sec = 206, Hours = 0, Minutes = 4, Bytes Left = 264271890
#[CM|>] Assigned chunk #23 to CPU #7
#[CM|>] Chunk #23 passed MP validation on AP #7
#[SSR|>] 30 sec avg 1229 KBps, 1249 KBps new total, last total 1249 KBps, now 1249 KBps
#[SSR|>] >>>>>>: [0:04] to go, Remaining in Sec = 194, Hours = 0, Minutes = 4, Bytes Left = 249313103
#[SSR|>] 30 sec avg 1188 KBps, 1241 KBps new total, last total 1243 KBps, now 1242 KBps
#[SSR|>] >>>>>>: [0:04] to go, Remaining in Sec = 196, Hours = 0, Minutes = 4, Bytes Left = 249313103
#[SSR|>] 30 sec avg 1123 KBps, 1234 KBps new total, last total 1234 KBps, now 1234 KBps
#[SSR|>] >>>>>>: [0:04] to go, Remaining in Sec = 197, Hours = 0, Minutes = 4, Bytes Left = 249313103
#[CM|>] Assigned chunk #24 to CPU #7
#[CM|>] Chunk #24 passed MP validation on AP #7
#[SSR|>] 30 sec avg 1107 KBps, 1233 KBps new total, last total 1232 KBps, now 1232 KBps
#[SSR|>] >>>>>>: [0:04] to go, Remaining in Sec = 189, Hours = 0, Minutes = 4, Bytes Left = 239340579
#[CM|>] Assigned chunk #25 to CPU #7
#[CM|>] Chunk #25 passed MP validation on AP #7
#[SSR|>] 30 sec avg 1120 KBps, 1235 KBps new total, last total 1234 KBps, now 1234 KBps
#[SSR|>] >>>>>>: [0:04] to go, Remaining in Sec = 181, Hours = 0, Minutes = 4, Bytes Left = 229368055
#[SSR|>] 30 sec avg 1156 KBps, 1237 KBps new total, last total 1237 KBps, now 1237 KBps
#[SSR|>] >>>>>>: [0:04] to go, Remaining in Sec = 181, Hours = 0, Minutes = 4, Bytes Left = 229368055
#[CM|>] Assigned chunk #26 to CPU #7
#[CM|>] Chunk #26 passed MP validation on AP #7
#[SSR|>] 30 sec avg 1182 KBps, 1239 KBps new total, last total 1237 KBps, now 1238 KBps
#[SSR|>] >>>>>>: [0:03] to go, Remaining in Sec = 173, Hours = 0, Minutes = 3, Bytes Left = 219395531
#[CM|>] Assigned chunk #27 to CPU #7
#[CM|>] Chunk #27 passed MP validation on AP #7
#[SSR|>] 30 sec avg 1249 KBps, 1240 KBps new total, last total 1240 KBps, now 1240 KBps
#[SSR|>] >>>>>>: [0:03] to go, Remaining in Sec = 164, Hours = 0, Minutes = 3, Bytes Left = 209423007
#[SSR|>] 30 sec avg 1292 KBps, 1240 KBps new total, last total 1240 KBps, now 1240 KBps
#[SSR|>] >>>>>>: [0:03] to go, Remaining in Sec = 164, Hours = 0, Minutes = 3, Bytes Left = 209423007
#[CM|>] Assigned chunk #28 to CPU #7
#[CM|>] Chunk #28 passed MP validation on AP #7
#[SSR|>] 30 sec avg 1269 KBps, 1237 KBps new total, last total 1237 KBps, now 1237 KBps
#[SSR|>] >>>>>>: [0:03] to go, Remaining in Sec = 157, Hours = 0, Minutes = 3, Bytes Left = 199450483
#[SSR|>] 30 sec avg 1260 KBps, 1238 KBps new total, last total 1237 KBps, now 1237 KBps
#[SSR|>] >>>>>>: [0:03] to go, Remaining in Sec = 157, Hours = 0, Minutes = 3, Bytes Left = 199450483
#[CM|>] Assigned chunk #29 to CPU #7
#[CM|>] Chunk #29 passed MP validation on AP #7
#[SSR|>] 30 sec avg 1254 KBps, 1239 KBps new total, last total 1237 KBps, now 1238 KBps
#[SSR|>] >>>>>>: [0:03] to go, Remaining in Sec = 149, Hours = 0, Minutes = 3, Bytes Left = 189477959
#[SSR|>] 30 sec avg 1223 KBps, 1236 KBps new total, last total 1236 KBps, now 1236 KBps
#[SSR|>] >>>>>>: [0:03] to go, Remaining in Sec = 149, Hours = 0, Minutes = 3, Bytes Left = 189477959
#[CM|>] Assigned chunk #30 to CPU #7
#[CM|>] Chunk #30 passed MP validation on AP #7
#[SSR|>] 30 sec avg 1188 KBps, 1235 KBps new total, last total 1234 KBps, now 1234 KBps
#[SSR|>] >>>>>>: [0:03] to go, Remaining in Sec = 142, Hours = 0, Minutes = 3, Bytes Left = 179505435
#[SSR|>] 30 sec avg 1172 KBps, 1233 KBps new total, last total 1234 KBps, now 1233 KBps
#[SSR|>] >>>>>>: [0:03] to go, Remaining in Sec = 142, Hours = 0, Minutes = 3, Bytes Left = 179505435
#[SSR|>] 30 sec avg 1019 KBps, 1212 KBps new total, last total 1215 KBps, now 1213 KBps
#[SSR|>] >>>>>>: [0:03] to go, Remaining in Sec = 144, Hours = 0, Minutes = 3, Bytes Left = 179505435
#[CM|>] Assigned chunk #31 to CPU #7
#[CM|>] Chunk #31 passed MP validation on AP #7
#[SSR|>] 30 sec avg 895 KBps, 1201 KBps new total, last total 1204 KBps, now 1202 KBps
#[SSR|>] >>>>>>: [0:03] to go, Remaining in Sec = 137, Hours = 0, Minutes = 3, Bytes Left = 169532911
#[SSR|>] 30 sec avg 721 KBps, 1182 KBps new total, last total 1185 KBps, now 1183 KBps
#[SSR|>] >>>>>>: [0:03] to go, Remaining in Sec = 139, Hours = 0, Minutes = 3, Bytes Left = 169532911
#[SSR|>] 30 sec avg 662 KBps, 1173 KBps new total, last total 1173 KBps, now 1173 KBps
#[SSR|>] >>>>>>: [0:03] to go, Remaining in Sec = 141, Hours = 0, Minutes = 3, Bytes Left = 169532911
#[SSR|>] 30 sec avg 472 KBps, 1155 KBps new total, last total 1158 KBps, now 1156 KBps
#[SSR|>] >>>>>>: [0:03] to go, Remaining in Sec = 143, Hours = 0, Minutes = 3, Bytes Left = 169532911
#[SSR|>] 30 sec avg 363 KBps, 1143 KBps new total, last total 1143 KBps, now 1143 KBps
#[SSR|>] >>>>>>: [0:03] to go, Remaining in Sec = 144, Hours = 0, Minutes = 3, Bytes Left = 169532911
#[CM|>] Assigned chunk #32 to CPU #7
#[CM|>] Chunk #32 passed MP validation on AP #7
#[SSR|>] 30 sec avg 501 KBps, 1141 KBps new total, last total 1140 KBps, now 1140 KBps
#[SSR|>] >>>>>>: [0:03] to go, Remaining in Sec = 136, Hours = 0, Minutes = 3, Bytes Left = 159560386
#[CM|>] Assigned chunk #33 to CPU #7
#[CM|>] Chunk #33 passed MP validation on AP #7
#[SSR|>] 30 sec avg 616 KBps, 1142 KBps new total, last total 1141 KBps, now 1141 KBps
#[SSR|>] >>>>>>: [0:03] to go, Remaining in Sec = 128, Hours = 0, Minutes = 3, Bytes Left = 149587862
#[SSR|>] 30 sec avg 642 KBps, 1127 KBps new total, last total 1131 KBps, now 1129 KBps
#[SSR|>] >>>>>>: [0:03] to go, Remaining in Sec = 129, Hours = 0, Minutes = 3, Bytes Left = 149587862
#[SSR|>] 30 sec avg 550 KBps, 1113 KBps new total, last total 1116 KBps, now 1114 KBps
#[SSR|>] >>>>>>: [0:03] to go, Remaining in Sec = 131, Hours = 0, Minutes = 3, Bytes Left = 149587862
#[SSR|>] 30 sec avg 561 KBps, 1098 KBps new total, last total 1100 KBps, now 1099 KBps
#[SSR|>] >>>>>>: [0:03] to go, Remaining in Sec = 132, Hours = 0, Minutes = 3, Bytes Left = 149587862
#[SSR|>] 30 sec avg 518 KBps, 1083 KBps new total, last total 1086 KBps, now 1084 KBps
#[SSR|>] >>>>>>: [0:03] to go, Remaining in Sec = 134, Hours = 0, Minutes = 3, Bytes Left = 149587862
#[SSR|>] 30 sec avg 355 KBps, 1070 KBps new total, last total 1072 KBps, now 1071 KBps
#[SSR|>] >>>>>>: [0:03] to go, Remaining in Sec = 136, Hours = 0, Minutes = 3, Bytes Left = 149587862
#[SSR|>] 30 sec avg 174 KBps, 1055 KBps new total, last total 1056 KBps, now 1055 KBps
#[SSR|>] >>>>>>: [0:03] to go, Remaining in Sec = 138, Hours = 0, Minutes = 3, Bytes Left = 149587862
#[SSR|>] 30 sec avg 159 KBps, 1041 KBps new total, last total 1043 KBps, now 1042 KBps
#[SSR|>] >>>>>>: [0:03] to go, Remaining in Sec = 140, Hours = 0, Minutes = 3, Bytes Left = 149587862
#[SSR|>] 30 sec avg 157 KBps, 1028 KBps new total, last total 1029 KBps, now 1028 KBps
#[SSR|>] >>>>>>: [0:03] to go, Remaining in Sec = 142, Hours = 0, Minutes = 3, Bytes Left = 149587862
#[CM|>] Assigned chunk #34 to CPU #7
#[CM|>] Chunk #34 passed MP validation on AP #7
#[SSR|>] 30 sec avg 246 KBps, 1023 KBps new total, last total 1023 KBps, now 1023 KBps
#[SSR|>] >>>>>>: [0:03] to go, Remaining in Sec = 133, Hours = 0, Minutes = 3, Bytes Left = 139615338
#[SSR|>] 30 sec avg 423 KBps, 1027 KBps new total, last total 1025 KBps, now 1026 KBps
#[SSR|>] >>>>>>: [0:03] to go, Remaining in Sec = 132, Hours = 0, Minutes = 3, Bytes Left = 139615338
#[CM|>] Assigned chunk #35 to CPU #7
#[CM|>] Chunk #35 passed MP validation on AP #7
#[SSR|>] 30 sec avg 519 KBps, 1023 KBps new total, last total 1021 KBps, now 1022 KBps
#[SSR|>] >>>>>>: [0:02] to go, Remaining in Sec = 119, Hours = 0, Minutes = 2, Bytes Left = 124656552
#[SSR|>] 30 sec avg 695 KBps, 1024 KBps new total, last total 1024 KBps, now 1024 KBps
#[SSR|>] >>>>>>: [0:02] to go, Remaining in Sec = 118, Hours = 0, Minutes = 2, Bytes Left = 124656552
#[CM|>] Assigned chunk #36 to CPU #7
#[CM|>] Chunk #36 passed MP validation on AP #7
#[SSR|>] 30 sec avg 858 KBps, 1025 KBps new total, last total 1023 KBps, now 1024 KBps
#[SSR|>] >>>>>>: [0:02] to go, Remaining in Sec = 109, Hours = 0, Minutes = 2, Bytes Left = 114684028
#[SSR|>] 30 sec avg 1016 KBps, 1027 KBps new total, last total 1025 KBps, now 1026 KBps
#[SSR|>] >>>>>>: [0:02] to go, Remaining in Sec = 109, Hours = 0, Minutes = 2, Bytes Left = 114684028
#[CM|>] Assigned chunk #37 to CPU #7
#[CM|>] Chunk #37 passed MP validation on AP #7
#[SSR|>] 30 sec avg 1091 KBps, 1029 KBps new total, last total 1027 KBps, now 1028 KBps
#[SSR|>] >>>>>>: [0:02] to go, Remaining in Sec = 99, Hours = 0, Minutes = 2, Bytes Left = 104711504
#[SSR|>] 30 sec avg 1084 KBps, 1030 KBps new total, last total 1029 KBps, now 1029 KBps
#[SSR|>] >>>>>>: [0:02] to go, Remaining in Sec = 99, Hours = 0, Minutes = 2, Bytes Left = 104711504
#[CM|>] Assigned chunk #38 to CPU #7
#[CM|>] Chunk #38 passed MP validation on AP #7
#[SSR|>] 30 sec avg 1185 KBps, 1034 KBps new total, last total 1032 KBps, now 1033 KBps
#[SSR|>] >>>>>>: [0:02] to go, Remaining in Sec = 89, Hours = 0, Minutes = 2, Bytes Left = 94738980
#[SSR|>] 30 sec avg 1171 KBps, 1035 KBps new total, last total 1034 KBps, now 1034 KBps
#[SSR|>] >>>>>>: [0:02] to go, Remaining in Sec = 89, Hours = 0, Minutes = 2, Bytes Left = 94738980
#[CM|>] Assigned chunk #39 to CPU #7
#[CM|>] Chunk #39 passed MP validation on AP #7
#[SSR|>] 30 sec avg 1221 KBps, 1039 KBps new total, last total 1037 KBps, now 1038 KBps
#[SSR|>] >>>>>>: [0:02] to go, Remaining in Sec = 79, Hours = 0, Minutes = 2, Bytes Left = 84766456
#[CM|>] Assigned chunk #40 to CPU #7
#[CM|>] Chunk #40 passed MP validation on AP #7
#[SSR|>] 30 sec avg 1201 KBps, 1039 KBps new total, last total 1038 KBps, now 1038 KBps
#[SSR|>] >>>>>>: [0:02] to go, Remaining in Sec = 70, Hours = 0, Minutes = 2, Bytes Left = 74793931
#[SSR|>] 30 sec avg 1178 KBps, 1038 KBps new total, last total 1038 KBps, now 1038 KBps
#[SSR|>] >>>>>>: [0:02] to go, Remaining in Sec = 70, Hours = 0, Minutes = 2, Bytes Left = 74793931
#[CM|>] Assigned chunk #41 to CPU #7
#[CM|>] Chunk #41 passed MP validation on AP #7
#[SSR|>] 30 sec avg 1171 KBps, 1040 KBps new total, last total 1039 KBps, now 1039 KBps
#[SSR|>] >>>>>>: [0:02] to go, Remaining in Sec = 60, Hours = 0, Minutes = 2, Bytes Left = 64821407
#[SSR|>] 30 sec avg 1163 KBps, 1042 KBps new total, last total 1041 KBps, now 1041 KBps
#[SSR|>] >>>>>>: [0:02] to go, Remaining in Sec = 60, Hours = 0, Minutes = 2, Bytes Left = 64821407
#[CM|>] Assigned chunk #42 to CPU #7
#[CM|>] Chunk #42 passed MP validation on AP #7
#[SSR|>] 30 sec avg 1194 KBps, 1045 KBps new total, last total 1044 KBps, now 1044 KBps
#[SSR|>] >>>>>>: [0:01] to go, Remaining in Sec = 51, Hours = 0, Minutes = 1, Bytes Left = 54848883
#[CM|>] Assigned chunk #43 to CPU #7
#[CM|>] Chunk #43 passed MP validation on AP #7
#[SSR|>] 30 sec avg 1206 KBps, 1049 KBps new total, last total 1048 KBps, now 1048 KBps
#[SSR|>] >>>>>>: [0:01] to go, Remaining in Sec = 41, Hours = 0, Minutes = 1, Bytes Left = 44876359
#[SSR|>] 30 sec avg 1248 KBps, 1052 KBps new total, last total 1051 KBps, now 1051 KBps
#[SSR|>] >>>>>>: [0:01] to go, Remaining in Sec = 41, Hours = 0, Minutes = 1, Bytes Left = 44876359
#[CM|>] Assigned chunk #44 to CPU #7
#[CM|>] Chunk #44 passed MP validation on AP #7
#[SSR|>] 30 sec avg 1289 KBps, 1055 KBps new total, last total 1053 KBps, now 1054 KBps
#[SSR|>] >>>>>>: [0:01] to go, Remaining in Sec = 32, Hours = 0, Minutes = 1, Bytes Left = 34903835
#[SSR|>] 30 sec avg 1297 KBps, 1057 KBps new total, last total 1055 KBps, now 1056 KBps
#[SSR|>] >>>>>>: [0:01] to go, Remaining in Sec = 32, Hours = 0, Minutes = 1, Bytes Left = 34903835
#[CM|>] Assigned chunk #45 to CPU #7
#[CM|>] Chunk #45 passed MP validation on AP #7
#[SSR|>] 30 sec avg 1267 KBps, 1057 KBps new total, last total 1056 KBps, now 1056 KBps
#[SSR|>] >>>>>>: [0:01] to go, Remaining in Sec = 23, Hours = 0, Minutes = 1, Bytes Left = 24931311
#[CM|>] Assigned chunk #46 to CPU #7
#[CM|>] Chunk #46 passed MP validation on AP #7
#[SSR|>] 30 sec avg 1255 KBps, 1060 KBps new total, last total 1059 KBps, now 1059 KBps
#[SSR|>] >>>>>>: [0:01] to go, Remaining in Sec = 13, Hours = 0, Minutes = 1, Bytes Left = 14958787
#[CM|>] Assigned chunk #47 to CPU #7
#[CM|>] Chunk #47 passed MP validation on AP #7
#[SSR|>] 30 sec avg 1207 KBps, 1060 KBps new total, last total 1061 KBps, now 1060 KBps
#[SSR|D] 5
#[SSR|>] Attempting to mount 498626206 bytes as ramdisk
#[ADB|>] DevicePath: VenHw(957932CC-7E8E-433B-8F41-D391EA3C10F8,00000000)/MemoryMapped(0xA,0x71027000,0x71028000)/DMG_000000001DB86E9E.dmg/VenMsg(004B07E8-0B9C-427E-B0D4-A466E6E57A62,9E6EB81D00000000)/HD(1,GPT,C1C39F41-02BF-4DFA-99FE-784538B38D71,0x28,0x3BFAD0)
